
=== Wed Oct 15 16:31:22 2025

Packages were changed.
Update Mode: mergeDefaultDependencies

The following packages were added:
  com.unity.modules.ai@1.0.0
  com.unity.modules.androidjni@1.0.0
  com.unity.modules.animation@1.0.0
  com.unity.modules.assetbundle@1.0.0
  com.unity.modules.audio@1.0.0
  com.unity.modules.cloth@1.0.0
  com.unity.modules.director@1.0.0
  com.unity.modules.imageconversion@1.0.0
  com.unity.modules.imgui@1.0.0
  com.unity.modules.jsonserialize@1.0.0
  com.unity.modules.particlesystem@1.0.0
  com.unity.modules.physics@1.0.0
  com.unity.modules.physics2d@1.0.0
  com.unity.modules.screencapture@1.0.0
  com.unity.modules.terrain@1.0.0
  com.unity.modules.terrainphysics@1.0.0
  com.unity.modules.tilemap@1.0.0
  com.unity.modules.ui@1.0.0
  com.unity.modules.uielements@1.0.0
  com.unity.modules.umbra@1.0.0
  com.unity.modules.unityanalytics@1.0.0
  com.unity.modules.unitywebrequest@1.0.0
  com.unity.modules.unitywebrequestassetbundle@1.0.0
  com.unity.modules.unitywebrequestaudio@1.0.0
  com.unity.modules.unitywebrequesttexture@1.0.0
  com.unity.modules.unitywebrequestwww@1.0.0
  com.unity.modules.vehicles@1.0.0
  com.unity.modules.video@1.0.0
  com.unity.modules.vr@1.0.0
  com.unity.modules.wind@1.0.0
  com.unity.modules.xr@1.0.0
  com.unity.modules.accessibility@1.0.0
  com.unity.multiplayer.center@1.0.0
The following packages were updated:
  com.unity.collab-proxy from version 2.6.0 to 2.8.2
  com.unity.2d.animation from version 10.1.4 to 11.0.0
  com.unity.2d.psdimporter from version 10.0.0 to 10.1.1
  com.unity.2d.spriteshape from version 10.0.7 to 11.0.0
  com.unity.2d.tilemap.extras from version 4.2.1 to 4.3.1
  com.unity.2d.aseprite from version 1.2.1 to 1.2.5
  com.unity.ide.rider from version 3.0.34 to 3.0.36
  com.unity.ide.visualstudio from version 2.0.22 to 2.0.23
  com.unity.inputsystem from version 1.12.0 to 1.14.0
  com.unity.render-pipelines.universal from version 17.0.3 to 17.1.0
  com.unity.test-framework from version 1.4.5 to 1.5.1
  com.unity.visualscripting from version 1.9.5 to 1.9.7

=== Thu Nov 20 16:00:58 2025

Packages were changed.
Update Mode: updateDependencies

The following packages were updated:
  com.unity.burst from version 1.8.3 to 1.8.23
  com.unity.collab-proxy from version 2.0.0 to 2.8.2
  com.unity.ext.nunit from version 1.0.6 to 2.0.5
  com.unity.feature.development from version 1.0.1 to 1.0.2
  com.unity.ide.rider from version 3.0.18 to 3.0.36
  com.unity.ide.visualstudio from version 2.0.17 to 2.0.23
  com.unity.mathematics from version 1.2.6 to 1.3.2
  com.unity.performance.profile-analyzer from version 1.2.2 to 1.2.3
  com.unity.render-pipelines.core from version 14.0.6 to 17.1.0
  com.unity.render-pipelines.high-definition from version 14.0.6 to 17.1.0
  com.unity.render-pipelines.high-definition-config from version 14.0.6 to 17.1.0
  com.unity.settings-manager from version 2.0.1 to 2.1.0
  com.unity.shadergraph from version 14.0.6 to 17.1.0
  com.unity.test-framework from version 1.1.33 to 1.5.1
  com.unity.testtools.codecoverage from version 1.2.2 to 1.2.6
  com.unity.timeline from version 1.7.3 to 1.8.7
  com.unity.ugui from version 1.0.0 to 2.0.0
  com.unity.visualeffectgraph from version 14.0.6 to 17.1.0
  com.unity.visualscripting from version 1.8.0 to 1.9.7
The following packages were removed:
  com.unity.textmeshpro@3.0.6

=== Thu Nov 20 16:00:58 2025

Packages were changed.
Update Mode: mergeDefaultDependencies

The following packages were added:
  com.unity.burst@1.8.23
  com.unity.editorcoroutines@1.0.0
  com.unity.ext.nunit@2.0.5
  com.unity.feature.development@1.0.2
  com.unity.ide.vscode@1.2.5
  com.unity.mathematics@1.3.2
  com.unity.nuget.newtonsoft-json@3.2.1
  com.unity.performance.profile-analyzer@1.2.3
  com.unity.render-pipelines.core@17.1.0
  com.unity.render-pipelines.high-definition@17.1.0
  com.unity.render-pipelines.high-definition-config@17.1.0
  com.unity.searcher@4.9.2
  com.unity.settings-manager@2.1.0
  com.unity.shadergraph@17.1.0
  com.unity.testtools.codecoverage@1.2.6
  com.unity.visualeffectgraph@17.1.0
  com.unity.modules.subsystems@1.0.0
